14:49:43 **** Incremental Build of configuration Nios II for project software ****
make all 
Info: Building ../software_bsp/
C:/intelFPGA_lite/18.1/nios2eds/bin/gnu/H-x86_64-mingw32/bin/make --no-print-directory -C ../software_bsp/
[BSP build complete]
Info: Compiling source.c to obj/default/source.o
nios2-elf-gcc -xc -MP -MMD -c -I../software_bsp//HAL/inc -I../software_bsp/ -I../software_bsp//drivers/inc  -pipe -D__hal__ -DALT_NO_INSTRUCTION_EMULATION -DALT_USE_SMALL_DRIVERS -DALT_SIM_OPTIMIZE -DSMALL_C_LIB -DALT_SINGLE_THREADED    -O0 -g -Wall   -mno-hw-div -mno-hw-mul -mno-hw-mulx -mgpopt=global  -o obj/default/source.o source.c
source.c:6:6: warning: return type of 'main' is not 'int' [-Wmain]
 void main ()
      ^
Info: Linking RUN_ON_HDL_SIMULATOR_ONLY_software.elf
nios2-elf-g++  -T'../software_bsp//linker.x' -msys-crt0='../software_bsp//obj/HAL/src/crt0.o' -msys-lib=hal_bsp -L../software_bsp/  -msmallc  -Wl,-Map=RUN_ON_HDL_SIMULATOR_ONLY_software.map   -O0 -g -Wall   -mno-hw-div -mno-hw-mul -mno-hw-mulx -mgpopt=global  -o RUN_ON_HDL_SIMULATOR_ONLY_software.elf obj/default/source.o -lm -msys-lib=m
nios2-elf-insert RUN_ON_HDL_SIMULATOR_ONLY_software.elf --thread_model hal --cpu_name nios2_gen2_0 --qsys true --simulation_enabled false --stderr_dev jtag_uart_0 --stdin_dev jtag_uart_0 --stdout_dev jtag_uart_0 --sopc_system_name system --quartus_project_dir "C:/Users/PC/Desktop/ThSoc" --jdi ../..//output_files/PWM.jdi --sopcinfo C:/Users/PC/Desktop/ThSoc/software/software_bsp/../../system.sopcinfo
Info: (RUN_ON_HDL_SIMULATOR_ONLY_software.elf) 5592 Bytes program size (code + initialized data).
Info:                                          25 KBytes free for stack + heap.
Info: Creating RUN_ON_HDL_SIMULATOR_ONLY_software.objdump
nios2-elf-objdump --disassemble --syms --all-header --source RUN_ON_HDL_SIMULATOR_ONLY_software.elf >RUN_ON_HDL_SIMULATOR_ONLY_software.objdump
[RUN_ON_HDL_SIMULATOR_ONLY_software build complete]
14:49:52 **** Build of configuration Nios II for project software ****
make all 
Info: Building ../software_bsp/
C:/intelFPGA_lite/18.1/nios2eds/bin/gnu/H-x86_64-mingw32/bin/make --no-print-directory -C ../software_bsp/
[BSP build complete]
[RUN_ON_HDL_SIMULATOR_ONLY_software build complete]
14:49:53 **** Incremental Build of configuration Nios II for project software ****
make all 
Info: Building ../software_bsp/
C:/intelFPGA_lite/18.1/nios2eds/bin/gnu/H-x86_64-mingw32/bin/make --no-print-directory -C ../software_bsp/
[BSP build complete]
[RUN_ON_HDL_SIMULATOR_ONLY_software build complete]
